<html>
<head>
<title>TestNG:  Command line test</title>
<link href="../testng.css" rel="stylesheet" type="text/css" />
<link href="../my-testng.css" rel="stylesheet" type="text/css" />

<style type="text/css">
.log { display: none;} 
.stack-trace { display: none;} 
</style>
<script type="text/javascript">
<!--
function flip(e) {
  current = e.style.display;
  if (current == 'block') {
    e.style.display = 'none';
    return 0;
  }
  else {
    e.style.display = 'block';
    return 1;
  }
}

function toggleBox(szDivId, elem, msg1, msg2)
{
  var res = -1;  if (document.getElementById) {
    res = flip(document.getElementById(szDivId));
  }
  else if (document.all) {
    // this is the way old msie versions work
    res = flip(document.all[szDivId]);
  }
  if(elem) {
    if(res == 0) elem.innerHTML = msg1; else elem.innerHTML = msg2;
  }

}

function toggleAllBoxes() {
  if (document.getElementsByTagName) {
    d = document.getElementsByTagName('div');
    for (i = 0; i < d.length; i++) {
      if (d[i].className == 'log') {
        flip(d[i]);
      }
    }
  }
}

// -->
</script>

</head>
<body>
<h2 align='center'>Command line test</h2><table border='1' align="center">
<tr>
<td>Tests passed/Failed/Skipped:</td><td>19/0/0</td>
</tr><tr>
<td>Started on:</td><td>Tue Apr 16 10:59:27 CEST 2019</td>
</tr>
<tr><td>Total time:</td><td>0 seconds (234 ms)</td>
</tr><tr>
<td>Included groups:</td><td></td>
</tr><tr>
<td>Excluded groups:</td><td></td>
</tr>
</table><p/>
<small><i>(Hover the method name to see the test class name)</i></small><p/>
<table width='100%' border='1' class='invocation-passed'>
<tr><td colspan='4' align='center'><b>PASSED TESTS</b></td></tr>
<tr><td><b>Test method</b></td>
<td width="30%"><b>Exception</b></td>
<td width="10%"><b>Time (seconds)</b></td>
<td><b>Instance</b></td>
</tr>
<tr>
<td title='dbstub.ProductsDBStubTest.addProductTest()'><b>addProductTest</b><br>Test class: dbstub.ProductsDBStubTest</td>
<td></td>
<td>0</td>
<td>dbstub.ProductsDBStubTest@39ba5a14</td></tr>
<tr>
<td title='dbstub.ProductsDBStubTest.addProductWithExistingBarcodeTest()'><b>addProductWithExistingBarcodeTest</b><br>Test class: dbstub.ProductsDBStubTest</td>
<td><div><pre>product.BarcodeInUseException: This barcode is already in use.
	at dbstub.ProductsDBStub.addProduct(ProductsDBStub.java:45)
	at dbstub.ProductsDBStubTest.addProductWithExistingBarcodeTest(ProductsDBStubTest.java:39)
... Removed 35 stack frames</pre></div><a href='#' onClick='toggleBox("stack-trace963269035", this, "Click to show all stack frames", "Click to hide stack frames")'>Click to show all stack frames</a>
<div class='stack-trace' id='stack-trace963269035'><pre>product.BarcodeInUseException: This barcode is already in use.
	at dbstub.ProductsDBStub.addProduct(ProductsDBStub.java:45)
	at dbstub.ProductsDBStubTest.addProductWithExistingBarcodeTest(ProductsDBStubTest.java:39)
	at sun.reflect.NativeMethodAccessorImpl.invoke0(Native Method)
	at sun.reflect.NativeMethodAccessorImpl.invoke(NativeMethodAccessorImpl.java:62)
	at sun.reflect.DelegatingMethodAccessorImpl.invoke(DelegatingMethodAccessorImpl.java:43)
	at java.lang.reflect.Method.invoke(Method.java:498)
	at org.testng.internal.MethodInvocationHelper.invokeMethod(MethodInvocationHelper.java:124)
	at org.testng.internal.Invoker.invokeMethod(Invoker.java:580)
	at org.testng.internal.Invoker.invokeTestMethod(Invoker.java:716)
	at org.testng.internal.Invoker.invokeTestMethods(Invoker.java:988)
	at org.testng.internal.TestMethodWorker.invokeTestMethods(TestMethodWorker.java:125)
	at org.testng.internal.TestMethodWorker.run(TestMethodWorker.java:109)
	at org.testng.TestRunner.privateRun(TestRunner.java:648)
	at org.testng.TestRunner.run(TestRunner.java:505)
	at org.testng.SuiteRunner.runTest(SuiteRunner.java:455)
	at org.testng.SuiteRunner.runSequentially(SuiteRunner.java:450)
	at org.testng.SuiteRunner.privateRun(SuiteRunner.java:415)
	at org.testng.SuiteRunner.run(SuiteRunner.java:364)
	at org.testng.SuiteRunnerWorker.runSuite(SuiteRunnerWorker.java:52)
	at org.testng.SuiteRunnerWorker.run(SuiteRunnerWorker.java:84)
	at org.testng.TestNG.runSuitesSequentially(TestNG.java:1208)
	at org.testng.TestNG.runSuitesLocally(TestNG.java:1137)
	at org.testng.TestNG.runSuites(TestNG.java:1049)
	at org.testng.TestNG.run(TestNG.java:1017)
	at org.apache.maven.surefire.testng.TestNGExecutor.run(TestNGExecutor.java:77)
	at org.apache.maven.surefire.testng.TestNGDirectoryTestSuite.executeMulti(TestNGDirectoryTestSuite.java:159)
	at org.apache.maven.surefire.testng.TestNGDirectoryTestSuite.execute(TestNGDirectoryTestSuite.java:99)
	at org.apache.maven.surefire.testng.TestNGProvider.invoke(TestNGProvider.java:106)
	at sun.reflect.NativeMethodAccessorImpl.invoke0(Native Method)
	at sun.reflect.NativeMethodAccessorImpl.invoke(NativeMethodAccessorImpl.java:62)
	at sun.reflect.DelegatingMethodAccessorImpl.invoke(DelegatingMethodAccessorImpl.java:43)
	at java.lang.reflect.Method.invoke(Method.java:498)
	at org.apache.maven.surefire.util.ReflectionUtils.invokeMethodWithArray(ReflectionUtils.java:189)
	at org.apache.maven.surefire.booter.ProviderFactory$ProviderProxy.invoke(ProviderFactory.java:165)
	at org.apache.maven.surefire.booter.ProviderFactory.invokeProvider(ProviderFactory.java:85)
	at org.apache.maven.surefire.booter.ForkedBooter.runSuitesInProcess(ForkedBooter.java:115)
	at org.apache.maven.surefire.booter.ForkedBooter.main(ForkedBooter.java:75)
</pre></div></td>
<td>0</td>
<td>dbstub.ProductsDBStubTest@39ba5a14</td></tr>
<tr>
<td title='dbstub.ProductsDBStubTest.addProductWithNullBarcodeTest()'><b>addProductWithNullBarcodeTest</b><br>Test class: dbstub.ProductsDBStubTest</td>
<td><div><pre>product.InvalidBarcodeException: Barcode has to be integer number greater than 0.
	at dbstub.ProductsDBStub.addProduct(ProductsDBStub.java:42)
	at dbstub.ProductsDBStubTest.addProductWithNullBarcodeTest(ProductsDBStubTest.java:45)
... Removed 35 stack frames</pre></div><a href='#' onClick='toggleBox("stack-trace1359484306", this, "Click to show all stack frames", "Click to hide stack frames")'>Click to show all stack frames</a>
<div class='stack-trace' id='stack-trace1359484306'><pre>product.InvalidBarcodeException: Barcode has to be integer number greater than 0.
	at dbstub.ProductsDBStub.addProduct(ProductsDBStub.java:42)
	at dbstub.ProductsDBStubTest.addProductWithNullBarcodeTest(ProductsDBStubTest.java:45)
	at sun.reflect.NativeMethodAccessorImpl.invoke0(Native Method)
	at sun.reflect.NativeMethodAccessorImpl.invoke(NativeMethodAccessorImpl.java:62)
	at sun.reflect.DelegatingMethodAccessorImpl.invoke(DelegatingMethodAccessorImpl.java:43)
	at java.lang.reflect.Method.invoke(Method.java:498)
	at org.testng.internal.MethodInvocationHelper.invokeMethod(MethodInvocationHelper.java:124)
	at org.testng.internal.Invoker.invokeMethod(Invoker.java:580)
	at org.testng.internal.Invoker.invokeTestMethod(Invoker.java:716)
	at org.testng.internal.Invoker.invokeTestMethods(Invoker.java:988)
	at org.testng.internal.TestMethodWorker.invokeTestMethods(TestMethodWorker.java:125)
	at org.testng.internal.TestMethodWorker.run(TestMethodWorker.java:109)
	at org.testng.TestRunner.privateRun(TestRunner.java:648)
	at org.testng.TestRunner.run(TestRunner.java:505)
	at org.testng.SuiteRunner.runTest(SuiteRunner.java:455)
	at org.testng.SuiteRunner.runSequentially(SuiteRunner.java:450)
	at org.testng.SuiteRunner.privateRun(SuiteRunner.java:415)
	at org.testng.SuiteRunner.run(SuiteRunner.java:364)
	at org.testng.SuiteRunnerWorker.runSuite(SuiteRunnerWorker.java:52)
	at org.testng.SuiteRunnerWorker.run(SuiteRunnerWorker.java:84)
	at org.testng.TestNG.runSuitesSequentially(TestNG.java:1208)
	at org.testng.TestNG.runSuitesLocally(TestNG.java:1137)
	at org.testng.TestNG.runSuites(TestNG.java:1049)
	at org.testng.TestNG.run(TestNG.java:1017)
	at org.apache.maven.surefire.testng.TestNGExecutor.run(TestNGExecutor.java:77)
	at org.apache.maven.surefire.testng.TestNGDirectoryTestSuite.executeMulti(TestNGDirectoryTestSuite.java:159)
	at org.apache.maven.surefire.testng.TestNGDirectoryTestSuite.execute(TestNGDirectoryTestSuite.java:99)
	at org.apache.maven.surefire.testng.TestNGProvider.invoke(TestNGProvider.java:106)
	at sun.reflect.NativeMethodAccessorImpl.invoke0(Native Method)
	at sun.reflect.NativeMethodAccessorImpl.invoke(NativeMethodAccessorImpl.java:62)
	at sun.reflect.DelegatingMethodAccessorImpl.invoke(DelegatingMethodAccessorImpl.java:43)
	at java.lang.reflect.Method.invoke(Method.java:498)
	at org.apache.maven.surefire.util.ReflectionUtils.invokeMethodWithArray(ReflectionUtils.java:189)
	at org.apache.maven.surefire.booter.ProviderFactory$ProviderProxy.invoke(ProviderFactory.java:165)
	at org.apache.maven.surefire.booter.ProviderFactory.invokeProvider(ProviderFactory.java:85)
	at org.apache.maven.surefire.booter.ForkedBooter.runSuitesInProcess(ForkedBooter.java:115)
	at org.apache.maven.surefire.booter.ForkedBooter.main(ForkedBooter.java:75)
</pre></div></td>
<td>0</td>
<td>dbstub.ProductsDBStubTest@39ba5a14</td></tr>
<tr>
<td title='dbstub.ProductsDBStubTest.addProductWithZeroBarcodeTest()'><b>addProductWithZeroBarcodeTest</b><br>Test class: dbstub.ProductsDBStubTest</td>
<td><div><pre>product.InvalidBarcodeException: Barcode has to be integer number greater than 0.
	at dbstub.ProductsDBStub.addProduct(ProductsDBStub.java:42)
	at dbstub.ProductsDBStubTest.addProductWithZeroBarcodeTest(ProductsDBStubTest.java:51)
... Removed 35 stack frames</pre></div><a href='#' onClick='toggleBox("stack-trace2140832232", this, "Click to show all stack frames", "Click to hide stack frames")'>Click to show all stack frames</a>
<div class='stack-trace' id='stack-trace2140832232'><pre>product.InvalidBarcodeException: Barcode has to be integer number greater than 0.
	at dbstub.ProductsDBStub.addProduct(ProductsDBStub.java:42)
	at dbstub.ProductsDBStubTest.addProductWithZeroBarcodeTest(ProductsDBStubTest.java:51)
	at sun.reflect.NativeMethodAccessorImpl.invoke0(Native Method)
	at sun.reflect.NativeMethodAccessorImpl.invoke(NativeMethodAccessorImpl.java:62)
	at sun.reflect.DelegatingMethodAccessorImpl.invoke(DelegatingMethodAccessorImpl.java:43)
	at java.lang.reflect.Method.invoke(Method.java:498)
	at org.testng.internal.MethodInvocationHelper.invokeMethod(MethodInvocationHelper.java:124)
	at org.testng.internal.Invoker.invokeMethod(Invoker.java:580)
	at org.testng.internal.Invoker.invokeTestMethod(Invoker.java:716)
	at org.testng.internal.Invoker.invokeTestMethods(Invoker.java:988)
	at org.testng.internal.TestMethodWorker.invokeTestMethods(TestMethodWorker.java:125)
	at org.testng.internal.TestMethodWorker.run(TestMethodWorker.java:109)
	at org.testng.TestRunner.privateRun(TestRunner.java:648)
	at org.testng.TestRunner.run(TestRunner.java:505)
	at org.testng.SuiteRunner.runTest(SuiteRunner.java:455)
	at org.testng.SuiteRunner.runSequentially(SuiteRunner.java:450)
	at org.testng.SuiteRunner.privateRun(SuiteRunner.java:415)
	at org.testng.SuiteRunner.run(SuiteRunner.java:364)
	at org.testng.SuiteRunnerWorker.runSuite(SuiteRunnerWorker.java:52)
	at org.testng.SuiteRunnerWorker.run(SuiteRunnerWorker.java:84)
	at org.testng.TestNG.runSuitesSequentially(TestNG.java:1208)
	at org.testng.TestNG.runSuitesLocally(TestNG.java:1137)
	at org.testng.TestNG.runSuites(TestNG.java:1049)
	at org.testng.TestNG.run(TestNG.java:1017)
	at org.apache.maven.surefire.testng.TestNGExecutor.run(TestNGExecutor.java:77)
	at org.apache.maven.surefire.testng.TestNGDirectoryTestSuite.executeMulti(TestNGDirectoryTestSuite.java:159)
	at org.apache.maven.surefire.testng.TestNGDirectoryTestSuite.execute(TestNGDirectoryTestSuite.java:99)
	at org.apache.maven.surefire.testng.TestNGProvider.invoke(TestNGProvider.java:106)
	at sun.reflect.NativeMethodAccessorImpl.invoke0(Native Method)
	at sun.reflect.NativeMethodAccessorImpl.invoke(NativeMethodAccessorImpl.java:62)
	at sun.reflect.DelegatingMethodAccessorImpl.invoke(DelegatingMethodAccessorImpl.java:43)
	at java.lang.reflect.Method.invoke(Method.java:498)
	at org.apache.maven.surefire.util.ReflectionUtils.invokeMethodWithArray(ReflectionUtils.java:189)
	at org.apache.maven.surefire.booter.ProviderFactory$ProviderProxy.invoke(ProviderFactory.java:165)
	at org.apache.maven.surefire.booter.ProviderFactory.invokeProvider(ProviderFactory.java:85)
	at org.apache.maven.surefire.booter.ForkedBooter.runSuitesInProcess(ForkedBooter.java:115)
	at org.apache.maven.surefire.booter.ForkedBooter.main(ForkedBooter.java:75)
</pre></div></td>
<td>0</td>
<td>dbstub.ProductsDBStubTest@39ba5a14</td></tr>
<tr>
<td title='dbstub.ProductsDBStubTest.addProductsInBatchTest()'><b>addProductsInBatchTest</b><br>Test class: dbstub.ProductsDBStubTest</td>
<td></td>
<td>0</td>
<td>dbstub.ProductsDBStubTest@39ba5a14</td></tr>
<tr>
<td title='sale.SaleTest.endingSalePrintsRecipeOnPrinterTest()'><b>endingSalePrintsRecipeOnPrinterTest</b><br>Test class: sale.SaleTest</td>
<td></td>
<td>0</td>
<td>sale.SaleTest@30c7da1e</td></tr>
<tr>
<td title='sale.SaleTest.endingSalePrintsSumOnScreenTest()'><b>endingSalePrintsSumOnScreenTest</b><br>Test class: sale.SaleTest</td>
<td></td>
<td>0</td>
<td>sale.SaleTest@30c7da1e</td></tr>
<tr>
<td title='sale.SaleTest.endingSaleSumAllPricesTest()'><b>endingSaleSumAllPricesTest</b><br>Test class: sale.SaleTest</td>
<td></td>
<td>0</td>
<td>sale.SaleTest@30c7da1e</td></tr>
<tr>
<td title='dbstub.ProductsDBStubTest.findProductByBarcodeTest()'><b>findProductByBarcodeTest</b><br>Test class: dbstub.ProductsDBStubTest</td>
<td></td>
<td>0</td>
<td>dbstub.ProductsDBStubTest@39ba5a14</td></tr>
<tr>
<td title='dbstub.ProductsDBStubTest.isBarcodeInDBTest()'><b>isBarcodeInDBTest</b><br>Test class: dbstub.ProductsDBStubTest</td>
<td></td>
<td>0</td>
<td>dbstub.ProductsDBStubTest@39ba5a14</td></tr>
<tr>
<td title='sale.SaleTest.scanProductWithNullBarcodeTest()'><b>scanProductWithNullBarcodeTest</b><br>Test class: sale.SaleTest</td>
<td></td>
<td>0</td>
<td>sale.SaleTest@30c7da1e</td></tr>
<tr>
<td title='sale.SaleTest.scanProductWithUnknownBarcodeTest()'><b>scanProductWithUnknownBarcodeTest</b><br>Test class: sale.SaleTest</td>
<td></td>
<td>0</td>
<td>sale.SaleTest@30c7da1e</td></tr>
<tr>
<td title='sale.SaleTest.scanProductWithZeroBarcodeTest()'><b>scanProductWithZeroBarcodeTest</b><br>Test class: sale.SaleTest</td>
<td></td>
<td>0</td>
<td>sale.SaleTest@30c7da1e</td></tr>
<tr>
<td title='sale.SaleTest.scannedProductIsOnReceiptTest()'><b>scannedProductIsOnReceiptTest</b><br>Test class: sale.SaleTest</td>
<td></td>
<td>0</td>
<td>sale.SaleTest@30c7da1e</td></tr>
<tr>
<td title='sale.SaleTest.scannedProductIsPrintedOnScreenTest()'><b>scannedProductIsPrintedOnScreenTest</b><br>Test class: sale.SaleTest</td>
<td></td>
<td>0</td>
<td>sale.SaleTest@30c7da1e</td></tr>
<tr>
<td title='output.PrinterOutputStubTest.writeTextCreatesFileTest()'><b>writeTextCreatesFileTest</b><br>Test class: output.PrinterOutputStubTest</td>
<td></td>
<td>0</td>
<td>output.PrinterOutputStubTest@511baa65</td></tr>
<tr>
<td title='output.ScreenOutputStubTest.writeTextCreatesFileTest()'><b>writeTextCreatesFileTest</b><br>Test class: output.ScreenOutputStubTest</td>
<td></td>
<td>0</td>
<td>output.ScreenOutputStubTest@340f438e</td></tr>
<tr>
<td title='output.PrinterOutputStubTest.writeTextTest()'><b>writeTextTest</b><br>Test class: output.PrinterOutputStubTest</td>
<td></td>
<td>0</td>
<td>output.PrinterOutputStubTest@511baa65</td></tr>
<tr>
<td title='output.ScreenOutputStubTest.writeTextTest()'><b>writeTextTest</b><br>Test class: output.ScreenOutputStubTest</td>
<td></td>
<td>0</td>
<td>output.ScreenOutputStubTest@340f438e</td></tr>
</table><p>
</body>
</html>