<?xml version="1.0" encoding="UTF-8"?>
<testng-results skipped="0" failed="0" ignored="0" total="19" passed="19">
  <reporter-output>
  </reporter-output>
  <suite name="Command line suite" duration-ms="234" started-at="2019-04-16T08:59:27Z" finished-at="2019-04-16T08:59:27Z">
    <groups>
    </groups>
    <test name="Command line test" duration-ms="234" started-at="2019-04-16T08:59:27Z" finished-at="2019-04-16T08:59:27Z">
      <class name="dbstub.ProductsDBStubTest">
        <test-method status="PASS" signature="initDbStub()[pri:0, instance:dbstub.ProductsDBStubTest@39ba5a14]" name="initDbStub" is-config="true" duration-ms="15" started-at="2019-04-16T08:59:27Z" finished-at="2019-04-16T08:59:27Z">
          <reporter-output>
          </reporter-output>
        </test-method> <!-- initDbStub -->
        <test-method status="PASS" signature="addProductWithExistingBarcodeTest()[pri:0, instance:dbstub.ProductsDBStubTest@39ba5a14]" name="addProductWithExistingBarcodeTest" duration-ms="0" started-at="2019-04-16T08:59:27Z" finished-at="2019-04-16T08:59:27Z">
          <exception class="product.BarcodeInUseException">
            <message>
              <![CDATA[This barcode is already in use.]]>
            </message>
            <full-stacktrace>
              <![CDATA[product.BarcodeInUseException: This barcode is already in use.
at dbstub.ProductsDBStub.addProduct(ProductsDBStub.java:45)
at dbstub.ProductsDBStubTest.addProductWithExistingBarcodeTest(ProductsDBStubTest.java:39)
at sun.reflect.NativeMethodAccessorImpl.invoke0(Native Method)
at sun.reflect.NativeMethodAccessorImpl.invoke(NativeMethodAccessorImpl.java:62)
at sun.reflect.DelegatingMethodAccessorImpl.invoke(DelegatingMethodAccessorImpl.java:43)
at java.lang.reflect.Method.invoke(Method.java:498)
at org.testng.internal.MethodInvocationHelper.invokeMethod(MethodInvocationHelper.java:124)
at org.testng.internal.Invoker.invokeMethod(Invoker.java:580)
at org.testng.internal.Invoker.invokeTestMethod(Invoker.java:716)
at org.testng.internal.Invoker.invokeTestMethods(Invoker.java:988)
at org.testng.internal.TestMethodWorker.invokeTestMethods(TestMethodWorker.java:125)
at org.testng.internal.TestMethodWorker.run(TestMethodWorker.java:109)
at org.testng.TestRunner.privateRun(TestRunner.java:648)
at org.testng.TestRunner.run(TestRunner.java:505)
at org.testng.SuiteRunner.runTest(SuiteRunner.java:455)
at org.testng.SuiteRunner.runSequentially(SuiteRunner.java:450)
at org.testng.SuiteRunner.privateRun(SuiteRunner.java:415)
at org.testng.SuiteRunner.run(SuiteRunner.java:364)
at org.testng.SuiteRunnerWorker.runSuite(SuiteRunnerWorker.java:52)
at org.testng.SuiteRunnerWorker.run(SuiteRunnerWorker.java:84)
at org.testng.TestNG.runSuitesSequentially(TestNG.java:1208)
at org.testng.TestNG.runSuitesLocally(TestNG.java:1137)
at org.testng.TestNG.runSuites(TestNG.java:1049)
at org.testng.TestNG.run(TestNG.java:1017)
at org.apache.maven.surefire.testng.TestNGExecutor.run(TestNGExecutor.java:77)
at org.apache.maven.surefire.testng.TestNGDirectoryTestSuite.executeMulti(TestNGDirectoryTestSuite.java:159)
at org.apache.maven.surefire.testng.TestNGDirectoryTestSuite.execute(TestNGDirectoryTestSuite.java:99)
at org.apache.maven.surefire.testng.TestNGProvider.invoke(TestNGProvider.java:106)
at sun.reflect.NativeMethodAccessorImpl.invoke0(Native Method)
at sun.reflect.NativeMethodAccessorImpl.invoke(NativeMethodAccessorImpl.java:62)
at sun.reflect.DelegatingMethodAccessorImpl.invoke(DelegatingMethodAccessorImpl.java:43)
at java.lang.reflect.Method.invoke(Method.java:498)
at org.apache.maven.surefire.util.ReflectionUtils.invokeMethodWithArray(ReflectionUtils.java:189)
at org.apache.maven.surefire.booter.ProviderFactory$ProviderProxy.invoke(ProviderFactory.java:165)
at org.apache.maven.surefire.booter.ProviderFactory.invokeProvider(ProviderFactory.java:85)
at org.apache.maven.surefire.booter.ForkedBooter.runSuitesInProcess(ForkedBooter.java:115)
at org.apache.maven.surefire.booter.ForkedBooter.main(ForkedBooter.java:75)
]]>
            </full-stacktrace>
          </exception> <!-- product.BarcodeInUseException -->
          <reporter-output>
          </reporter-output>
        </test-method> <!-- addProductWithExistingBarcodeTest -->
        <test-method status="PASS" signature="addProductTest()[pri:0, instance:dbstub.ProductsDBStubTest@39ba5a14]" name="addProductTest" duration-ms="0" started-at="2019-04-16T08:59:27Z" finished-at="2019-04-16T08:59:27Z">
          <reporter-output>
          </reporter-output>
        </test-method> <!-- addProductTest -->
        <test-method status="PASS" signature="isBarcodeInDBTest()[pri:0, instance:dbstub.ProductsDBStubTest@39ba5a14]" name="isBarcodeInDBTest" duration-ms="0" started-at="2019-04-16T08:59:27Z" finished-at="2019-04-16T08:59:27Z">
          <reporter-output>
          </reporter-output>
        </test-method> <!-- isBarcodeInDBTest -->
        <test-method status="PASS" signature="addProductWithNullBarcodeTest()[pri:0, instance:dbstub.ProductsDBStubTest@39ba5a14]" name="addProductWithNullBarcodeTest" duration-ms="0" started-at="2019-04-16T08:59:27Z" finished-at="2019-04-16T08:59:27Z">
          <exception class="product.InvalidBarcodeException">
            <message>
              <![CDATA[Barcode has to be integer number greater than 0.]]>
            </message>
            <full-stacktrace>
              <![CDATA[product.InvalidBarcodeException: Barcode has to be integer number greater than 0.
at dbstub.ProductsDBStub.addProduct(ProductsDBStub.java:42)
at dbstub.ProductsDBStubTest.addProductWithNullBarcodeTest(ProductsDBStubTest.java:45)
at sun.reflect.NativeMethodAccessorImpl.invoke0(Native Method)
at sun.reflect.NativeMethodAccessorImpl.invoke(NativeMethodAccessorImpl.java:62)
at sun.reflect.DelegatingMethodAccessorImpl.invoke(DelegatingMethodAccessorImpl.java:43)
at java.lang.reflect.Method.invoke(Method.java:498)
at org.testng.internal.MethodInvocationHelper.invokeMethod(MethodInvocationHelper.java:124)
at org.testng.internal.Invoker.invokeMethod(Invoker.java:580)
at org.testng.internal.Invoker.invokeTestMethod(Invoker.java:716)
at org.testng.internal.Invoker.invokeTestMethods(Invoker.java:988)
at org.testng.internal.TestMethodWorker.invokeTestMethods(TestMethodWorker.java:125)
at org.testng.internal.TestMethodWorker.run(TestMethodWorker.java:109)
at org.testng.TestRunner.privateRun(TestRunner.java:648)
at org.testng.TestRunner.run(TestRunner.java:505)
at org.testng.SuiteRunner.runTest(SuiteRunner.java:455)
at org.testng.SuiteRunner.runSequentially(SuiteRunner.java:450)
at org.testng.SuiteRunner.privateRun(SuiteRunner.java:415)
at org.testng.SuiteRunner.run(SuiteRunner.java:364)
at org.testng.SuiteRunnerWorker.runSuite(SuiteRunnerWorker.java:52)
at org.testng.SuiteRunnerWorker.run(SuiteRunnerWorker.java:84)
at org.testng.TestNG.runSuitesSequentially(TestNG.java:1208)
at org.testng.TestNG.runSuitesLocally(TestNG.java:1137)
at org.testng.TestNG.runSuites(TestNG.java:1049)
at org.testng.TestNG.run(TestNG.java:1017)
at org.apache.maven.surefire.testng.TestNGExecutor.run(TestNGExecutor.java:77)
at org.apache.maven.surefire.testng.TestNGDirectoryTestSuite.executeMulti(TestNGDirectoryTestSuite.java:159)
at org.apache.maven.surefire.testng.TestNGDirectoryTestSuite.execute(TestNGDirectoryTestSuite.java:99)
at org.apache.maven.surefire.testng.TestNGProvider.invoke(TestNGProvider.java:106)
at sun.reflect.NativeMethodAccessorImpl.invoke0(Native Method)
at sun.reflect.NativeMethodAccessorImpl.invoke(NativeMethodAccessorImpl.java:62)
at sun.reflect.DelegatingMethodAccessorImpl.invoke(DelegatingMethodAccessorImpl.java:43)
at java.lang.reflect.Method.invoke(Method.java:498)
at org.apache.maven.surefire.util.ReflectionUtils.invokeMethodWithArray(ReflectionUtils.java:189)
at org.apache.maven.surefire.booter.ProviderFactory$ProviderProxy.invoke(ProviderFactory.java:165)
at org.apache.maven.surefire.booter.ProviderFactory.invokeProvider(ProviderFactory.java:85)
at org.apache.maven.surefire.booter.ForkedBooter.runSuitesInProcess(ForkedBooter.java:115)
at org.apache.maven.surefire.booter.ForkedBooter.main(ForkedBooter.java:75)
]]>
            </full-stacktrace>
          </exception> <!-- product.InvalidBarcodeException -->
          <reporter-output>
          </reporter-output>
        </test-method> <!-- addProductWithNullBarcodeTest -->
        <test-method status="PASS" signature="addProductWithZeroBarcodeTest()[pri:0, instance:dbstub.ProductsDBStubTest@39ba5a14]" name="addProductWithZeroBarcodeTest" duration-ms="0" started-at="2019-04-16T08:59:27Z" finished-at="2019-04-16T08:59:27Z">
          <exception class="product.InvalidBarcodeException">
            <message>
              <![CDATA[Barcode has to be integer number greater than 0.]]>
            </message>
            <full-stacktrace>
              <![CDATA[product.InvalidBarcodeException: Barcode has to be integer number greater than 0.
at dbstub.ProductsDBStub.addProduct(ProductsDBStub.java:42)
at dbstub.ProductsDBStubTest.addProductWithZeroBarcodeTest(ProductsDBStubTest.java:51)
at sun.reflect.NativeMethodAccessorImpl.invoke0(Native Method)
at sun.reflect.NativeMethodAccessorImpl.invoke(NativeMethodAccessorImpl.java:62)
at sun.reflect.DelegatingMethodAccessorImpl.invoke(DelegatingMethodAccessorImpl.java:43)
at java.lang.reflect.Method.invoke(Method.java:498)
at org.testng.internal.MethodInvocationHelper.invokeMethod(MethodInvocationHelper.java:124)
at org.testng.internal.Invoker.invokeMethod(Invoker.java:580)
at org.testng.internal.Invoker.invokeTestMethod(Invoker.java:716)
at org.testng.internal.Invoker.invokeTestMethods(Invoker.java:988)
at org.testng.internal.TestMethodWorker.invokeTestMethods(TestMethodWorker.java:125)
at org.testng.internal.TestMethodWorker.run(TestMethodWorker.java:109)
at org.testng.TestRunner.privateRun(TestRunner.java:648)
at org.testng.TestRunner.run(TestRunner.java:505)
at org.testng.SuiteRunner.runTest(SuiteRunner.java:455)
at org.testng.SuiteRunner.runSequentially(SuiteRunner.java:450)
at org.testng.SuiteRunner.privateRun(SuiteRunner.java:415)
at org.testng.SuiteRunner.run(SuiteRunner.java:364)
at org.testng.SuiteRunnerWorker.runSuite(SuiteRunnerWorker.java:52)
at org.testng.SuiteRunnerWorker.run(SuiteRunnerWorker.java:84)
at org.testng.TestNG.runSuitesSequentially(TestNG.java:1208)
at org.testng.TestNG.runSuitesLocally(TestNG.java:1137)
at org.testng.TestNG.runSuites(TestNG.java:1049)
at org.testng.TestNG.run(TestNG.java:1017)
at org.apache.maven.surefire.testng.TestNGExecutor.run(TestNGExecutor.java:77)
at org.apache.maven.surefire.testng.TestNGDirectoryTestSuite.executeMulti(TestNGDirectoryTestSuite.java:159)
at org.apache.maven.surefire.testng.TestNGDirectoryTestSuite.execute(TestNGDirectoryTestSuite.java:99)
at org.apache.maven.surefire.testng.TestNGProvider.invoke(TestNGProvider.java:106)
at sun.reflect.NativeMethodAccessorImpl.invoke0(Native Method)
at sun.reflect.NativeMethodAccessorImpl.invoke(NativeMethodAccessorImpl.java:62)
at sun.reflect.DelegatingMethodAccessorImpl.invoke(DelegatingMethodAccessorImpl.java:43)
at java.lang.reflect.Method.invoke(Method.java:498)
at org.apache.maven.surefire.util.ReflectionUtils.invokeMethodWithArray(ReflectionUtils.java:189)
at org.apache.maven.surefire.booter.ProviderFactory$ProviderProxy.invoke(ProviderFactory.java:165)
at org.apache.maven.surefire.booter.ProviderFactory.invokeProvider(ProviderFactory.java:85)
at org.apache.maven.surefire.booter.ForkedBooter.runSuitesInProcess(ForkedBooter.java:115)
at org.apache.maven.surefire.booter.ForkedBooter.main(ForkedBooter.java:75)
]]>
            </full-stacktrace>
          </exception> <!-- product.InvalidBarcodeException -->
          <reporter-output>
          </reporter-output>
        </test-method> <!-- addProductWithZeroBarcodeTest -->
        <test-method status="PASS" signature="addProductsInBatchTest()[pri:0, instance:dbstub.ProductsDBStubTest@39ba5a14]" name="addProductsInBatchTest" duration-ms="0" started-at="2019-04-16T08:59:27Z" finished-at="2019-04-16T08:59:27Z">
          <reporter-output>
          </reporter-output>
        </test-method> <!-- addProductsInBatchTest -->
        <test-method status="PASS" signature="clearDB()[pri:0, instance:dbstub.ProductsDBStubTest@39ba5a14]" name="clearDB" is-config="true" duration-ms="0" started-at="2019-04-16T08:59:27Z" finished-at="2019-04-16T08:59:27Z">
          <reporter-output>
          </reporter-output>
        </test-method> <!-- clearDB -->
        <test-method status="PASS" signature="findProductByBarcodeTest()[pri:0, instance:dbstub.ProductsDBStubTest@39ba5a14]" name="findProductByBarcodeTest" duration-ms="0" started-at="2019-04-16T08:59:27Z" finished-at="2019-04-16T08:59:27Z">
          <reporter-output>
          </reporter-output>
        </test-method> <!-- findProductByBarcodeTest -->
      </class> <!-- dbstub.ProductsDBStubTest -->
      <class name="output.PrinterOutputStubTest">
        <test-method status="PASS" signature="writeTextCreatesFileTest()[pri:0, instance:output.PrinterOutputStubTest@511baa65]" name="writeTextCreatesFileTest" duration-ms="16" started-at="2019-04-16T08:59:27Z" finished-at="2019-04-16T08:59:27Z">
          <reporter-output>
          </reporter-output>
        </test-method> <!-- writeTextCreatesFileTest -->
        <test-method status="PASS" signature="initOutput()[pri:0, instance:output.PrinterOutputStubTest@511baa65]" name="initOutput" is-config="true" duration-ms="0" started-at="2019-04-16T08:59:27Z" finished-at="2019-04-16T08:59:27Z">
          <reporter-output>
          </reporter-output>
        </test-method> <!-- initOutput -->
        <test-method status="PASS" signature="deleteFile()[pri:0, instance:output.PrinterOutputStubTest@511baa65]" name="deleteFile" is-config="true" duration-ms="0" started-at="2019-04-16T08:59:27Z" finished-at="2019-04-16T08:59:27Z">
          <reporter-output>
          </reporter-output>
        </test-method> <!-- deleteFile -->
        <test-method status="PASS" signature="writeTextTest()[pri:0, instance:output.PrinterOutputStubTest@511baa65]" name="writeTextTest" duration-ms="78" started-at="2019-04-16T08:59:27Z" finished-at="2019-04-16T08:59:27Z">
          <reporter-output>
          </reporter-output>
        </test-method> <!-- writeTextTest -->
        <test-method status="PASS" signature="deleteFile()[pri:0, instance:output.PrinterOutputStubTest@511baa65]" name="deleteFile" is-config="true" duration-ms="0" started-at="2019-04-16T08:59:27Z" finished-at="2019-04-16T08:59:27Z">
          <reporter-output>
          </reporter-output>
        </test-method> <!-- deleteFile -->
        <test-method status="PASS" signature="deleteFileAfterTests()[pri:0, instance:output.PrinterOutputStubTest@511baa65]" name="deleteFileAfterTests" is-config="true" duration-ms="0" started-at="2019-04-16T08:59:27Z" finished-at="2019-04-16T08:59:27Z">
          <reporter-output>
          </reporter-output>
        </test-method> <!-- deleteFileAfterTests -->
      </class> <!-- output.PrinterOutputStubTest -->
      <class name="output.ScreenOutputStubTest">
        <test-method status="PASS" signature="initOutput()[pri:0, instance:output.ScreenOutputStubTest@340f438e]" name="initOutput" is-config="true" duration-ms="0" started-at="2019-04-16T08:59:27Z" finished-at="2019-04-16T08:59:27Z">
          <reporter-output>
          </reporter-output>
        </test-method> <!-- initOutput -->
        <test-method status="PASS" signature="deleteFileAfterTests()[pri:0, instance:output.ScreenOutputStubTest@340f438e]" name="deleteFileAfterTests" is-config="true" duration-ms="0" started-at="2019-04-16T08:59:27Z" finished-at="2019-04-16T08:59:27Z">
          <reporter-output>
          </reporter-output>
        </test-method> <!-- deleteFileAfterTests -->
        <test-method status="PASS" signature="writeTextTest()[pri:0, instance:output.ScreenOutputStubTest@340f438e]" name="writeTextTest" duration-ms="0" started-at="2019-04-16T08:59:27Z" finished-at="2019-04-16T08:59:27Z">
          <reporter-output>
          </reporter-output>
        </test-method> <!-- writeTextTest -->
        <test-method status="PASS" signature="deleteFile()[pri:0, instance:output.ScreenOutputStubTest@340f438e]" name="deleteFile" is-config="true" duration-ms="0" started-at="2019-04-16T08:59:27Z" finished-at="2019-04-16T08:59:27Z">
          <reporter-output>
          </reporter-output>
        </test-method> <!-- deleteFile -->
        <test-method status="PASS" signature="deleteFile()[pri:0, instance:output.ScreenOutputStubTest@340f438e]" name="deleteFile" is-config="true" duration-ms="0" started-at="2019-04-16T08:59:27Z" finished-at="2019-04-16T08:59:27Z">
          <reporter-output>
          </reporter-output>
        </test-method> <!-- deleteFile -->
        <test-method status="PASS" signature="writeTextCreatesFileTest()[pri:0, instance:output.ScreenOutputStubTest@340f438e]" name="writeTextCreatesFileTest" duration-ms="0" started-at="2019-04-16T08:59:27Z" finished-at="2019-04-16T08:59:27Z">
          <reporter-output>
          </reporter-output>
        </test-method> <!-- writeTextCreatesFileTest -->
      </class> <!-- output.ScreenOutputStubTest -->
      <class name="sale.SaleTest">
        <test-method status="PASS" signature="initSale()[pri:0, instance:sale.SaleTest@30c7da1e]" name="initSale" is-config="true" duration-ms="0" started-at="2019-04-16T08:59:27Z" finished-at="2019-04-16T08:59:27Z">
          <reporter-output>
          </reporter-output>
        </test-method> <!-- initSale -->
        <test-method status="PASS" signature="clearReceipt()[pri:0, instance:sale.SaleTest@30c7da1e]" name="clearReceipt" is-config="true" duration-ms="0" started-at="2019-04-16T08:59:27Z" finished-at="2019-04-16T08:59:27Z">
          <reporter-output>
          </reporter-output>
        </test-method> <!-- clearReceipt -->
        <test-method status="PASS" signature="endingSalePrintsRecipeOnPrinterTest()[pri:0, instance:sale.SaleTest@30c7da1e]" name="endingSalePrintsRecipeOnPrinterTest" duration-ms="16" started-at="2019-04-16T08:59:27Z" finished-at="2019-04-16T08:59:27Z">
          <reporter-output>
          </reporter-output>
        </test-method> <!-- endingSalePrintsRecipeOnPrinterTest -->
        <test-method status="PASS" signature="endingSalePrintsSumOnScreenTest()[pri:0, instance:sale.SaleTest@30c7da1e]" name="endingSalePrintsSumOnScreenTest" duration-ms="0" started-at="2019-04-16T08:59:27Z" finished-at="2019-04-16T08:59:27Z">
          <reporter-output>
          </reporter-output>
        </test-method> <!-- endingSalePrintsSumOnScreenTest -->
        <test-method status="PASS" signature="clearReceipt()[pri:0, instance:sale.SaleTest@30c7da1e]" name="clearReceipt" is-config="true" duration-ms="0" started-at="2019-04-16T08:59:27Z" finished-at="2019-04-16T08:59:27Z">
          <reporter-output>
          </reporter-output>
        </test-method> <!-- clearReceipt -->
        <test-method status="PASS" signature="clearReceipt()[pri:0, instance:sale.SaleTest@30c7da1e]" name="clearReceipt" is-config="true" duration-ms="15" started-at="2019-04-16T08:59:27Z" finished-at="2019-04-16T08:59:27Z">
          <reporter-output>
          </reporter-output>
        </test-method> <!-- clearReceipt -->
        <test-method status="PASS" signature="clearReceipt()[pri:0, instance:sale.SaleTest@30c7da1e]" name="clearReceipt" is-config="true" duration-ms="0" started-at="2019-04-16T08:59:27Z" finished-at="2019-04-16T08:59:27Z">
          <reporter-output>
          </reporter-output>
        </test-method> <!-- clearReceipt -->
        <test-method status="PASS" signature="scanProductWithUnknownBarcodeTest()[pri:0, instance:sale.SaleTest@30c7da1e]" name="scanProductWithUnknownBarcodeTest" duration-ms="0" started-at="2019-04-16T08:59:27Z" finished-at="2019-04-16T08:59:27Z">
          <reporter-output>
          </reporter-output>
        </test-method> <!-- scanProductWithUnknownBarcodeTest -->
        <test-method status="PASS" signature="scanProductWithNullBarcodeTest()[pri:0, instance:sale.SaleTest@30c7da1e]" name="scanProductWithNullBarcodeTest" duration-ms="0" started-at="2019-04-16T08:59:27Z" finished-at="2019-04-16T08:59:27Z">
          <reporter-output>
          </reporter-output>
        </test-method> <!-- scanProductWithNullBarcodeTest -->
        <test-method status="PASS" signature="endingSaleSumAllPricesTest()[pri:0, instance:sale.SaleTest@30c7da1e]" name="endingSaleSumAllPricesTest" duration-ms="0" started-at="2019-04-16T08:59:27Z" finished-at="2019-04-16T08:59:27Z">
          <reporter-output>
          </reporter-output>
        </test-method> <!-- endingSaleSumAllPricesTest -->
        <test-method status="PASS" signature="clearReceipt()[pri:0, instance:sale.SaleTest@30c7da1e]" name="clearReceipt" is-config="true" duration-ms="0" started-at="2019-04-16T08:59:27Z" finished-at="2019-04-16T08:59:27Z">
          <reporter-output>
          </reporter-output>
        </test-method> <!-- clearReceipt -->
        <test-method status="PASS" signature="clearReceipt()[pri:0, instance:sale.SaleTest@30c7da1e]" name="clearReceipt" is-config="true" duration-ms="0" started-at="2019-04-16T08:59:27Z" finished-at="2019-04-16T08:59:27Z">
          <reporter-output>
          </reporter-output>
        </test-method> <!-- clearReceipt -->
        <test-method status="PASS" signature="clearReceipt()[pri:0, instance:sale.SaleTest@30c7da1e]" name="clearReceipt" is-config="true" duration-ms="0" started-at="2019-04-16T08:59:27Z" finished-at="2019-04-16T08:59:27Z">
          <reporter-output>
          </reporter-output>
        </test-method> <!-- clearReceipt -->
        <test-method status="PASS" signature="scannedProductIsOnReceiptTest()[pri:0, instance:sale.SaleTest@30c7da1e]" name="scannedProductIsOnReceiptTest" duration-ms="0" started-at="2019-04-16T08:59:27Z" finished-at="2019-04-16T08:59:27Z">
          <reporter-output>
          </reporter-output>
        </test-method> <!-- scannedProductIsOnReceiptTest -->
        <test-method status="PASS" signature="scanProductWithZeroBarcodeTest()[pri:0, instance:sale.SaleTest@30c7da1e]" name="scanProductWithZeroBarcodeTest" duration-ms="0" started-at="2019-04-16T08:59:27Z" finished-at="2019-04-16T08:59:27Z">
          <reporter-output>
          </reporter-output>
        </test-method> <!-- scanProductWithZeroBarcodeTest -->
        <test-method status="PASS" signature="deleteFilesAfterTests()[pri:0, instance:sale.SaleTest@30c7da1e]" name="deleteFilesAfterTests" is-config="true" duration-ms="0" started-at="2019-04-16T08:59:27Z" finished-at="2019-04-16T08:59:27Z">
          <reporter-output>
          </reporter-output>
        </test-method> <!-- deleteFilesAfterTests -->
        <test-method status="PASS" signature="clearReceipt()[pri:0, instance:sale.SaleTest@30c7da1e]" name="clearReceipt" is-config="true" duration-ms="0" started-at="2019-04-16T08:59:27Z" finished-at="2019-04-16T08:59:27Z">
          <reporter-output>
          </reporter-output>
        </test-method> <!-- clearReceipt -->
        <test-method status="PASS" signature="scannedProductIsPrintedOnScreenTest()[pri:0, instance:sale.SaleTest@30c7da1e]" name="scannedProductIsPrintedOnScreenTest" duration-ms="0" started-at="2019-04-16T08:59:27Z" finished-at="2019-04-16T08:59:27Z">
          <reporter-output>
          </reporter-output>
        </test-method> <!-- scannedProductIsPrintedOnScreenTest -->
      </class> <!-- sale.SaleTest -->
    </test> <!-- Command line test -->
  </suite> <!-- Command line suite -->
</testng-results>
